<?xml version="1.0" encoding="UTF-8" ?>
<testsuite tests="66" failures="0" name="edu.stanford.nlp.naturalli.RelationTripleSegmenterTest" time="1.391" errors="0" skipped="0">
  <properties>
[...]
</properties>
  <testcase classname="edu.stanford.nlp.naturalli.RelationTripleSegmenterTest" name="testSameSemanticsForDifferentWordOrder" time="0.015"/>
  <testcase classname="edu.stanford.nlp.naturalli.RelationTripleSegmenterTest" name="testObamaBornInRegression" time="0.07"/>
  <testcase classname="edu.stanford.nlp.naturalli.RelationTripleSegmenterTest" name="testToSentenceOutOfOrder" time="0.002"/>
  <testcase classname="edu.stanford.nlp.naturalli.RelationTripleSegmenterTest" name="testOfWhich" time="0.013"/>
  <testcase classname="edu.stanford.nlp.naturalli.RelationTripleSegmenterTest" name="testToSentenceNoIndices" time="0.003"/>
  <testcase classname="edu.stanford.nlp.naturalli.RelationTripleSegmenterTest" name="testPassiveReflexive" time="0.013"/>
  <testcase classname="edu.stanford.nlp.naturalli.RelationTripleSegmenterTest" name="testPossessiveNoNER" time="0.04"/>
  <testcase classname="edu.stanford.nlp.naturalli.RelationTripleSegmenterTest" name="testPossessiveWithObject" time="0.026"/>
  <testcase classname="edu.stanford.nlp.naturalli.RelationTripleSegmenterTest" name="testGeorgeBoydRegression" time="0.013"/>
  <testcase classname="edu.stanford.nlp.naturalli.RelationTripleSegmenterTest" name="testHeWasInaugurated" time="0.012"/>
  <testcase classname="edu.stanford.nlp.naturalli.RelationTripleSegmenterTest" name="testAdvObjectPassive" time="0.011"/>
  <testcase classname="edu.stanford.nlp.naturalli.RelationTripleSegmenterTest" name="testAclNoPP" time="0.018"/>
  <testcase classname="edu.stanford.nlp.naturalli.RelationTripleSegmenterTest" name="testMyCatsPlayWithYarn" time="0.017"/>
  <testcase classname="edu.stanford.nlp.naturalli.RelationTripleSegmenterTest" name="testChrisManningOfStanfordLong" time="0.029"/>
  <testcase classname="edu.stanford.nlp.naturalli.RelationTripleSegmenterTest" name="testUSsAllyBritain" time="0.081"/>
  <testcase classname="edu.stanford.nlp.naturalli.RelationTripleSegmenterTest" name="testAcl" time="0.017"/>
  <testcase classname="edu.stanford.nlp.naturalli.RelationTripleSegmenterTest" name="testVBG" time="0.031"/>
  <testcase classname="edu.stanford.nlp.naturalli.RelationTripleSegmenterTest" name="testFishLikeToSwim" time="0.015"/>
  <testcase classname="edu.stanford.nlp.naturalli.RelationTripleSegmenterTest" name="testPPAttachmentTwo" time="0.018"/>
  <testcase classname="edu.stanford.nlp.naturalli.RelationTripleSegmenterTest" name="testObjInRelation" time="0.059"/>
  <testcase classname="edu.stanford.nlp.naturalli.RelationTripleSegmenterTest" name="testXComp" time="0.015"/>
  <testcase classname="edu.stanford.nlp.naturalli.RelationTripleSegmenterTest" name="testApposInObject" time="0.01"/>
  <testcase classname="edu.stanford.nlp.naturalli.RelationTripleSegmenterTest" name="testDogsInheaven" time="0.035"/>
  <testcase classname="edu.stanford.nlp.naturalli.RelationTripleSegmenterTest" name="testPPExtraction" time="0.045"/>
  <testcase classname="edu.stanford.nlp.naturalli.RelationTripleSegmenterTest" name="testObamaPresidentOfRegressionFull" time="0.016"/>
  <testcase classname="edu.stanford.nlp.naturalli.RelationTripleSegmenterTest" name="testObamaPresidentOfRegression" time="0.028"/>
  <testcase classname="edu.stanford.nlp.naturalli.RelationTripleSegmenterTest" name="testWh" time="0.029"/>
  <testcase classname="edu.stanford.nlp.naturalli.RelationTripleSegmenterTest" name="testVPOnlyReplacedWith" time="0.012"/>
  <testcase classname="edu.stanford.nlp.naturalli.RelationTripleSegmenterTest" name="testThereAreWith" time="0.023"/>
  <testcase classname="edu.stanford.nlp.naturalli.RelationTripleSegmenterTest" name="testVBGCollapsed" time="0.012"/>
  <testcase classname="edu.stanford.nlp.naturalli.RelationTripleSegmenterTest" name="testUSPresidentObama1" time="0.028"/>
  <testcase classname="edu.stanford.nlp.naturalli.RelationTripleSegmenterTest" name="testUSPresidentObama2" time="0.031"/>
  <testcase classname="edu.stanford.nlp.naturalli.RelationTripleSegmenterTest" name="testAdvObject" time="0.007"/>
  <testcase classname="edu.stanford.nlp.naturalli.RelationTripleSegmenterTest" name="testThrowAway" time="0.005"/>
  <testcase classname="edu.stanford.nlp.naturalli.RelationTripleSegmenterTest" name="testUSAllyBritain" time="0.016"/>
  <testcase classname="edu.stanford.nlp.naturalli.RelationTripleSegmenterTest" name="testToSentenceInOrder" time="0.002"/>
  <testcase classname="edu.stanford.nlp.naturalli.RelationTripleSegmenterTest" name="testCatsHaveTails" time="0.005"/>
  <testcase classname="edu.stanford.nlp.naturalli.RelationTripleSegmenterTest" name="testGlosses" time="0.001"/>
  <testcase classname="edu.stanford.nlp.naturalli.RelationTripleSegmenterTest" name="testChrisIsOfStanford" time="0.016"/>
  <testcase classname="edu.stanford.nlp.naturalli.RelationTripleSegmenterTest" name="testBlueCatsPlayWithYarn" time="0.006"/>
  <testcase classname="edu.stanford.nlp.naturalli.RelationTripleSegmenterTest" name="testReflexive" time="0.009"/>
  <testcase classname="edu.stanford.nlp.naturalli.RelationTripleSegmenterTest" name="testPossessiveInEntity" time="0.007"/>
  <testcase classname="edu.stanford.nlp.naturalli.RelationTripleSegmenterTest" name="testThereAreIn" time="0.013"/>
  <testcase classname="edu.stanford.nlp.naturalli.RelationTripleSegmenterTest" name="testStateOfTheUnion" time="0.02"/>
  <testcase classname="edu.stanford.nlp.naturalli.RelationTripleSegmenterTest" name="testMassOfIron" time="0.011"/>
  <testcase classname="edu.stanford.nlp.naturalli.RelationTripleSegmenterTest" name="testPassiveNSubj" time="0.029"/>
  <testcase classname="edu.stanford.nlp.naturalli.RelationTripleSegmenterTest" name="testCatsAreCute" time="0.015"/>
  <testcase classname="edu.stanford.nlp.naturalli.RelationTripleSegmenterTest" name="testNmodTmod" time="0.004"/>
  <testcase classname="edu.stanford.nlp.naturalli.RelationTripleSegmenterTest" name="testCompoundPossessive" time="0.072"/>
  <testcase classname="edu.stanford.nlp.naturalli.RelationTripleSegmenterTest" name="testPossessive" time="0.014"/>
  <testcase classname="edu.stanford.nlp.naturalli.RelationTripleSegmenterTest" name="testPPAttachment" time="0.009"/>
  <testcase classname="edu.stanford.nlp.naturalli.RelationTripleSegmenterTest" name="testAmericanActorChrisPratt" time="0.05"/>
  <testcase classname="edu.stanford.nlp.naturalli.RelationTripleSegmenterTest" name="testChrisManningOfStanford" time="0.036"/>
  <testcase classname="edu.stanford.nlp.naturalli.RelationTripleSegmenterTest" name="testrabbitsEatVegetables" time="0.01"/>
  <testcase classname="edu.stanford.nlp.naturalli.RelationTripleSegmenterTest" name="testAllNominals" time="0.088"/>
  <testcase classname="edu.stanford.nlp.naturalli.RelationTripleSegmenterTest" name="testFishLikeToSwimAlternateParse" time="0.013"/>
  <testcase classname="edu.stanford.nlp.naturalli.RelationTripleSegmenterTest" name="testBlueCatsPlayQuietlyWithYarn" time="0.01"/>
  <testcase classname="edu.stanford.nlp.naturalli.RelationTripleSegmenterTest" name="testApposAsSubj" time="0.025"/>
  <testcase classname="edu.stanford.nlp.naturalli.RelationTripleSegmenterTest" name="testPresidentObama" time="0.018"/>
  <testcase classname="edu.stanford.nlp.naturalli.RelationTripleSegmenterTest" name="testThereAreVBing" time="0.008"/>
  <testcase classname="edu.stanford.nlp.naturalli.RelationTripleSegmenterTest" name="testUSPresidentObama" time="0.034"/>
  <testcase classname="edu.stanford.nlp.naturalli.RelationTripleSegmenterTest" name="testIAmInFlorida" time="0.008"/>
  <testcase classname="edu.stanford.nlp.naturalli.RelationTripleSegmenterTest" name="testAclWithPP" time="0.006"/>
  <testcase classname="edu.stanford.nlp.naturalli.RelationTripleSegmenterTest" name="testCommaDoesntOvergenerate" time="0.024"/>
  <testcase classname="edu.stanford.nlp.naturalli.RelationTripleSegmenterTest" name="testPropagateCSubj" time="0.005"/>
  <testcase classname="edu.stanford.nlp.naturalli.RelationTripleSegmenterTest" name="testAclWithAdverb" time="0.008"/>
</testsuite>