<?xml version="1.0" encoding="UTF-8" ?>
<testsuite tests="44" failures="0" name="edu.stanford.nlp.trees.tregex.TregexTest" time="0.486" errors="0" skipped="0">
  <properties>
[...]
</properties>
  <testcase classname="edu.stanford.nlp.trees.tregex.TregexTest" name="testOneResult" time="0.003"/>
  <testcase classname="edu.stanford.nlp.trees.tregex.TregexTest" name="testNoResults" time="0.001"/>
  <testcase classname="edu.stanford.nlp.trees.tregex.TregexTest" name="testTwoChildren" time="0.025"/>
  <testcase classname="edu.stanford.nlp.trees.tregex.TregexTest" name="testImmediateSister" time="0.006"/>
  <testcase classname="edu.stanford.nlp.trees.tregex.TregexTest" name="testNamed" time="0.002"/>
  <testcase classname="edu.stanford.nlp.trees.tregex.TregexTest" name="testReuse" time="0.004"/>
  <testcase classname="edu.stanford.nlp.trees.tregex.TregexTest" name="testDominateDescribedChain" time="0.007"/>
  <testcase classname="edu.stanford.nlp.trees.tregex.TregexTest" name="testLink" time="0.003"/>
  <testcase classname="edu.stanford.nlp.trees.tregex.TregexTest" name="testTest" time="0.001"/>
  <testcase classname="edu.stanford.nlp.trees.tregex.TregexTest" name="testDocExamples" time="0.006"/>
  <testcase classname="edu.stanford.nlp.trees.tregex.TregexTest" name="testPrecedingFollowingSister" time="0.008"/>
  <testcase classname="edu.stanford.nlp.trees.tregex.TregexTest" name="testPrecedesDescribedChain" time="0.009"/>
  <testcase classname="edu.stanford.nlp.trees.tregex.TregexTest" name="testDisjunctionVariableAssignments" time="0.001"/>
  <testcase classname="edu.stanford.nlp.trees.tregex.TregexTest" name="testParenthesizedExpressions" time="0.008"/>
  <testcase classname="edu.stanford.nlp.trees.tregex.TregexTest" name="testComplex2" time="0.017"/>
  <testcase classname="edu.stanford.nlp.trees.tregex.TregexTest" name="testOnlyMatchRoot" time="0.001"/>
  <testcase classname="edu.stanford.nlp.trees.tregex.TregexTest" name="testSubtreePattern" time="0.03"/>
  <testcase classname="edu.stanford.nlp.trees.tregex.TregexTest" name="testChinese" time="0.002"/>
  <testcase classname="edu.stanford.nlp.trees.tregex.TregexTest" name="testRootDisjunction" time="0.012"/>
  <testcase classname="edu.stanford.nlp.trees.tregex.TregexTest" name="testComplex" time="0.027"/>
  <testcase classname="edu.stanford.nlp.trees.tregex.TregexTest" name="testTwoResults" time="0.001"/>
  <testcase classname="edu.stanford.nlp.trees.tregex.TregexTest" name="testLeftRightMostDescendant" time="0.017"/>
  <testcase classname="edu.stanford.nlp.trees.tregex.TregexTest" name="testOptional" time="0.011"/>
  <testcase classname="edu.stanford.nlp.trees.tregex.TregexTest" name="testMonthDayYear" time="0.087"/>
  <testcase classname="edu.stanford.nlp.trees.tregex.TregexTest" name="testMoeCurlyLarry" time="0.007"/>
  <testcase classname="edu.stanford.nlp.trees.tregex.TregexTest" name="testWordDisjunction" time="0.004"/>
  <testcase classname="edu.stanford.nlp.trees.tregex.TregexTest" name="testSegmentedAndEqualsExpressions" time="0.01"/>
  <testcase classname="edu.stanford.nlp.trees.tregex.TregexTest" name="testVariableGroups" time="0.004"/>
  <testcase classname="edu.stanford.nlp.trees.tregex.TregexTest" name="testOnlyChild" time="0.006"/>
  <testcase classname="edu.stanford.nlp.trees.tregex.TregexTest" name="testJoãoSilva" time="0.002"/>
  <testcase classname="edu.stanford.nlp.trees.tregex.TregexTest" name="testHeadOfPhrase" time="0.009"/>
  <testcase classname="edu.stanford.nlp.trees.tregex.TregexTest" name="testRepeatedVariables" time="0.012"/>
  <testcase classname="edu.stanford.nlp.trees.tregex.TregexTest" name="testImmediatePrecedesFollows" time="0.015"/>
  <testcase classname="edu.stanford.nlp.trees.tregex.TregexTest" name="testImmediatelyDominates" time="0.003"/>
  <testcase classname="edu.stanford.nlp.trees.tregex.TregexTest" name="testDominates" time="0.004"/>
  <testcase classname="edu.stanford.nlp.trees.tregex.TregexTest" name="testParentEquals" time="0.002"/>
  <testcase classname="edu.stanford.nlp.trees.tregex.TregexTest" name="testCategoryDisjunction" time="0.004"/>
  <testcase classname="edu.stanford.nlp.trees.tregex.TregexTest" name="testSister" time="0.008"/>
  <testcase classname="edu.stanford.nlp.trees.tregex.TregexTest" name="testIthChild" time="0.035"/>
  <testcase classname="edu.stanford.nlp.trees.tregex.TregexTest" name="testFirstLastChild" time="0.018"/>
  <testcase classname="edu.stanford.nlp.trees.tregex.TregexTest" name="testCategoryFunctions" time="0.008"/>
  <testcase classname="edu.stanford.nlp.trees.tregex.TregexTest" name="testDominateUnaryChain" time="0.013"/>
  <testcase classname="edu.stanford.nlp.trees.tregex.TregexTest" name="testPrecedesFollows" time="0.028"/>
  <testcase classname="edu.stanford.nlp.trees.tregex.TregexTest" name="testNonsense" time="0.005"/>
</testsuite>