<?xml version="1.0" encoding="UTF-8" ?>
<testsuite tests="39" failures="0" name="edu.stanford.nlp.pipeline.QuoteAnnotatorTest" time="0.28" errors="0" skipped="0">
  <properties>
[...]
</properties>
  <testcase classname="edu.stanford.nlp.pipeline.QuoteAnnotatorTest" name="testBasicSingleQuotes" time="0.085"/>
  <testcase classname="edu.stanford.nlp.pipeline.QuoteAnnotatorTest" name="testEmbeddedMixedComplicated" time="0.017"/>
  <testcase classname="edu.stanford.nlp.pipeline.QuoteAnnotatorTest" name="testMultiLineQuoteDouble" time="0.006"/>
  <testcase classname="edu.stanford.nlp.pipeline.QuoteAnnotatorTest" name="testEmbeddedQuotes" time="0.01"/>
  <testcase classname="edu.stanford.nlp.pipeline.QuoteAnnotatorTest" name="testTripleEmbeddedLatexQuotes" time="0.003"/>
  <testcase classname="edu.stanford.nlp.pipeline.QuoteAnnotatorTest" name="testMultiLineQuoteSingle" time="0.004"/>
  <testcase classname="edu.stanford.nlp.pipeline.QuoteAnnotatorTest" name="testTis" time="0.017"/>
  <testcase classname="edu.stanford.nlp.pipeline.QuoteAnnotatorTest" name="testUnicodeQuotesWithBadUnicodeQuotes" time="0.002"/>
  <testcase classname="edu.stanford.nlp.pipeline.QuoteAnnotatorTest" name="testBasicLatexQuotes" time="0.002"/>
  <testcase classname="edu.stanford.nlp.pipeline.QuoteAnnotatorTest" name="testUnicodeQuotesWithApostrophes" time="0.003"/>
  <testcase classname="edu.stanford.nlp.pipeline.QuoteAnnotatorTest" name="testTripleEmbeddedLatexQuotesNoEmbedded" time="0.002"/>
  <testcase classname="edu.stanford.nlp.pipeline.QuoteAnnotatorTest" name="testQuotesFollowEachother" time="0.004"/>
  <testcase classname="edu.stanford.nlp.pipeline.QuoteAnnotatorTest" name="testTripleEmbeddedUnicodeQuotes" time="0.012"/>
  <testcase classname="edu.stanford.nlp.pipeline.QuoteAnnotatorTest" name="testBasicAllowEmbeddedSameUnicode" time="0.004"/>
  <testcase classname="edu.stanford.nlp.pipeline.QuoteAnnotatorTest" name="testUnclosedInitialQuotes" time="0.009"/>
  <testcase classname="edu.stanford.nlp.pipeline.QuoteAnnotatorTest" name="testLatexQuotesWithDirectedApostrophes" time="0.011"/>
  <testcase classname="edu.stanford.nlp.pipeline.QuoteAnnotatorTest" name="testMaxLength" time="0.002"/>
  <testcase classname="edu.stanford.nlp.pipeline.QuoteAnnotatorTest" name="testWordsWithApostropheTerminalsInOneDoubleQuote" time="0.008"/>
  <testcase classname="edu.stanford.nlp.pipeline.QuoteAnnotatorTest" name="testEmbeddedLatexQuotesNoEmbedded" time="0.002"/>
  <testcase classname="edu.stanford.nlp.pipeline.QuoteAnnotatorTest" name="testEmbeddedLatexQuotes" time="0.002"/>
  <testcase classname="edu.stanford.nlp.pipeline.QuoteAnnotatorTest" name="testUnclosedLastDoubleQuotes" time="0.003"/>
  <testcase classname="edu.stanford.nlp.pipeline.QuoteAnnotatorTest" name="testBasicInternalPunc" time="0.003"/>
  <testcase classname="edu.stanford.nlp.pipeline.QuoteAnnotatorTest" name="testBasicIgnoreSingleQuotes" time="0.009"/>
  <testcase classname="edu.stanford.nlp.pipeline.QuoteAnnotatorTest" name="testEmbeddedSingleLatexQuotes" time="0.003"/>
  <testcase classname="edu.stanford.nlp.pipeline.QuoteAnnotatorTest" name="testEmbeddedLatexQuotesAllEndSamePlace" time="0.003"/>
  <testcase classname="edu.stanford.nlp.pipeline.QuoteAnnotatorTest" name="testBasicAsciiQuotes" time="0.012"/>
  <testcase classname="edu.stanford.nlp.pipeline.QuoteAnnotatorTest" name="testWordsWithApostropheTerminalsInDoubleQuotes" time="0.008"/>
  <testcase classname="edu.stanford.nlp.pipeline.QuoteAnnotatorTest" name="testDoubleEnclosedInSingle" time="0.002"/>
  <testcase classname="edu.stanford.nlp.pipeline.QuoteAnnotatorTest" name="testUnclosedLastSingleQuotes" time="0.002"/>
  <testcase classname="edu.stanford.nlp.pipeline.QuoteAnnotatorTest" name="testEmbeddedLatexQuotesAllEndSamePlaceNoEmbedded" time="0.004"/>
  <testcase classname="edu.stanford.nlp.pipeline.QuoteAnnotatorTest" name="testBasicUnicodeQuotes" time="0.001"/>
  <testcase classname="edu.stanford.nlp.pipeline.QuoteAnnotatorTest" name="testDashes" time="0.007"/>
  <testcase classname="edu.stanford.nlp.pipeline.QuoteAnnotatorTest" name="testEmbeddedQuotesTwo" time="0.007"/>
  <testcase classname="edu.stanford.nlp.pipeline.QuoteAnnotatorTest" name="testBasicDoubleQuotes" time="0.001"/>
  <testcase classname="edu.stanford.nlp.pipeline.QuoteAnnotatorTest" name="testSingleEnclosedInDouble" time="0.001"/>
  <testcase classname="edu.stanford.nlp.pipeline.QuoteAnnotatorTest" name="testWordBeginningWithApostropheAtQuoteBeginningSingleQuotes" time="0.002"/>
  <testcase classname="edu.stanford.nlp.pipeline.QuoteAnnotatorTest" name="testMultiParagraphQuoteDouble" time="0.004"/>
  <testcase classname="edu.stanford.nlp.pipeline.QuoteAnnotatorTest" name="testBasicEmbeddedSameUnicode" time="0.001"/>
  <testcase classname="edu.stanford.nlp.pipeline.QuoteAnnotatorTest" name="testMultiParagraphQuoteSingle" time="0.002"/>
</testsuite>